<?xml version="1.0" encoding="UTF-8"?>
<!-- Generated by org.testng.reporters.JUnitXMLReporter -->
<testsuite hostname="DIN22008155" ignored="0" name="Test" tests="1" failures="1" timestamp="2020-02-25T15:25:37 IST" time="12.266" errors="0">
  <testcase name="basePageNavigation" time="0.077" classname="Academy.validatTitle">
    <failure type="java.lang.AssertionError" message="expected [false] but found [true]">
      <![CDATA[java.lang.AssertionError: expected [false] but found [true]
at Academy.validatTitle.basePageNavigation(validatTitle.java:33)
at java.util.ArrayList.forEach(ArrayList.java:1257)
... Removed 35 stack frames]]>
    </failure>
  </testcase> <!-- basePageNavigation -->
</testsuite> <!-- Test -->
