-------------------------------------------------------------------------------
Test set: TestSuite
-------------------------------------------------------------------------------
Tests run: 3, Failures: 1, Errors: 0, Skipped: 0, Time elapsed: 43.89 s <<< FAILURE! - in TestSuite
Academy.validatTitle.basePageNavigation  Time elapsed: 0.601 s  <<< FAILURE!
java.lang.AssertionError: expected [false] but found [true]
	at Academy.validatTitle.basePageNavigation(validatTitle.java:33)

